nvc++ -g -fast -Msafeptr -Minfo -mp=gpu -gpu=pinned -gpu=lineinfo -gpu=cc90 -cuda -mp=noautopar -cudalib=cublas  -fpic -shared     -D_TEAMS=114 -D_THREADS=16 -D_BLK_SIZE=4 -D_SLABS=4 -o matmult_c.o -c matmult_c.cpp
nvc++ -g -fast -Msafeptr -Minfo -mp=gpu -gpu=pinned -gpu=lineinfo -gpu=cc90 -cuda -mp=noautopar -cudalib=cublas  -fpic -shared     -D_TEAMS=114 -D_THREADS=16 -D_BLK_SIZE=4 -D_SLABS=4 -o libmatmult.so matmult_c.o 

------------------------------------------------------------
Sender: LSF System <lsfadmin@hpc.dtu.dk>
Subject: Job 19939265: <q5> in cluster <dcc> Done

Job <q5> was submitted from host <n-62-11-46> by user <s232242> in cluster <dcc> at Sat Jan 20 20:40:06 2024
Job was executed on host(s) <32*n-62-12-81>, in queue <hpcintrogpu>, as user <s232242> in cluster <dcc> at Sat Jan 20 20:40:07 2024
</zhome/45/b/202242> was used as the home directory.
</zhome/45/b/202242/hpc/w3/HPC_assignment_3/src/part1> was used as the working directory.
Started at Sat Jan 20 20:40:07 2024
Terminated at Sat Jan 20 20:40:34 2024
Results reported at Sat Jan 20 20:40:34 2024

Your job looked like:

------------------------------------------------------------
# LSBATCH: User input
#!/bin/bash

# experiments name
EXPNAME=q5_$(date +%Y%m%d_%H%M%S)
OUTDIR=./output/$EXPNAME/
mkdir -p $OUTDIR

# 02614 - High-Performance Computing, January 2024
# 
# batch script to run matmult on a dedicated GPU server in the hpcintrogpu
# queue
#
# Author: Bernd Dammann <bd@cc.dtu.dk>
#         Hans Henrik Brandenborg Sørensen <hhbs@dtu.dk>
#
#BSUB -J q5
#BSUB -o output/q5_%J.out
#BSUB -e output/q5_%J.err
#BSUB -q hpcintrogpu
#BSUB -n 32
#BSUB -R "rusage[mem=2048]"
#BSUB -W 15
#BSUB -R "span[hosts=1]"
#BSUB -gpu "num=1:mode=exclusive_process"

# define the driver name to use
# valid values: matmult_c.nvc++, matmult_f.nvc++
#
EXECUTABLE=matmult_c.nvc++

# define the mkn values in the MKN variable
#
SIZES="100 200 500 1000 2000 5000"

# define the method type in TYPE
#
TYPES="lib lib_offload"

# enable(1)/disable(0) result checking
export MATMULT_COMPARE=0
export MFLOPS_MAX_IT=1

# load module for shared cuda libraries
module load /appl9/nvhpc/2023_2311/modulefiles/nvhpc-nompi/23.11

make clean && make 
# Compare the performance and speed-up observed between lib and lib offload
for TYPE in $TYPES; do
    OUT=$OUTDIR/q5-$TYPE.dat
    for S in $SIZES; do

(... more ...)
------------------------------------------------------------

Successfully completed.

Resource usage summary:

    CPU time :                                   30.00 sec.
    Max Memory :                                 98 MB
    Average Memory :                             98.00 MB
    Total Requested Memory :                     65536.00 MB
    Delta Memory :                               65438.00 MB
    Max Swap :                                   -
    Max Processes :                              4
    Max Threads :                                9
    Run time :                                   27 sec.
    Turnaround time :                            28 sec.

The output (if any) is above this job summary.



PS:

Read file <output/q5_19939265.err> for stderr output of this job.

