Loaded module: gcc/13.2.0-binutils-2.41
50	1	11871.5
50	2	16725.1
50	4	20420.2
50	8	23783.6
50	10	23229.4
50	12	25055.5
50	16	25247
50	20	25480.5
50	24	26539.1
50	30	25967.5
50	36	14609.9
50	40	15510
100	1	1168.55
100	2	2340.63
100	4	3515.4
100	8	5123.79
100	10	5687.94
100	12	6165.76
100	16	6750.9
100	20	7035.22
100	24	7257.71
100	30	7200.64
100	36	4033.19
100	40	3734.75
200	1	104.873
200	2	199.91
200	4	393.606
200	8	837.635
200	10	828.737
200	12	972.284
200	16	1259.41
200	20	1382.39
200	24	1507.8
200	30	1675.44
200	36	911.488
200	40	840.243
400	1	13.9818
400	2	27.0626
400	4	51.2537
400	8	96.6639
400	10	99.5622
400	12	113.396
400	16	134.352
400	20	125.825
400	24	138.281
400	30	126.125
400	36	95.5363
400	40	91.4922
