NUM_TEAMS: 114
THREAD_LIMIT: 1024
/bin/rm -f *.o poisson_j poisson_ja poisson_jomp poisson_jdist  poisson_jexpand poisson_jdup
Log: Warmup...
Log: Finished warmup...
Log: Number of devices: 1
Log: Default device: 0
Log: Initial device: -1
Log: Allocating on device 0...
Log: Allocating on device 0 finished...
Log: Allocating on device 1...
NUM_TEAMS: 114
THREAD_LIMIT: 1024
/bin/rm -f *.o poisson_j poisson_ja poisson_jomp poisson_jdist  poisson_jexpand poisson_jdup
Log: Warmup...
Log: Finished warmup...
Log: Number of devices: 1
Log: Default device: 0
Log: Initial device: -1
Log: Allocating on device 0...
Log: Allocating on device 0 finished...
Log: Allocating on device 1...
NUM_TEAMS: 114
THREAD_LIMIT: 1024
/bin/rm -f *.o poisson_j poisson_ja poisson_jomp poisson_jdist  poisson_jexpand poisson_jdup
Log: Warmup...
Log: Finished warmup...
Log: Number of devices: 1
Log: Default device: 0
Log: Initial device: -1
Log: Allocating on device 0...
Log: Allocating on device 0 finished...
Log: Allocating on device 1...
NUM_TEAMS: 114
THREAD_LIMIT: 1024
/bin/rm -f *.o poisson_j poisson_ja poisson_jomp poisson_jdist  poisson_jexpand poisson_jdup
Log: Warmup...
Log: Finished warmup...
Log: Number of devices: 1
Log: Default device: 0
Log: Initial device: -1
Log: Allocating on device 0...
Log: Allocating on device 0 finished...
Log: Allocating on device 1...
NUM_TEAMS: 114
THREAD_LIMIT: 1024
/bin/rm -f *.o poisson_j poisson_ja poisson_jomp poisson_jdist  poisson_jexpand poisson_jdup
Log: Warmup...
Log: Finished warmup...
Log: Number of devices: 1
Log: Default device: 0
Log: Initial device: -1
Log: Allocating on device 0...
Log: Allocating on device 0 finished...
Log: Allocating on device 1...

------------------------------------------------------------
Sender: LSF System <lsfadmin@hpc.dtu.dk>
Subject: Job 19952669: <omp_jdup> in cluster <dcc> Exited

Job <omp_jdup> was submitted from host <n-62-11-46> by user <s233091> in cluster <dcc> at Sun Jan 21 23:23:42 2024
Job was executed on host(s) <32*n-62-12-81>, in queue <hpcintrogpu>, as user <s233091> in cluster <dcc> at Sun Jan 21 23:23:42 2024
</zhome/c7/f/203083> was used as the home directory.
</zhome/c7/f/203083/02614/HPC_assignment_3/src/part2/bsub> was used as the working directory.
Started at Sun Jan 21 23:23:42 2024
Terminated at Sun Jan 21 23:24:09 2024
Results reported at Sun Jan 21 23:24:09 2024

Your job looked like:

------------------------------------------------------------
# LSBATCH: User input
#!/bin/bash
# 02614 - High-Performance Computing, January 2024
# 
# batch script to run matmult on a dedicated GPU server in the hpcintrogpu
# queue
#
# Author: Bernd Dammann <bd@cc.dtu.dk>
#         Hans Henrik Brandenborg Sørensen <hhbs@dtu.dk>
#
#BSUB -J omp_jdup
#BSUB -o output/omp_jdup_%J.out
#BSUB -e output/omp_jdup_%J.err
#BSUB -q hpcintrogpu
#BSUB -n 32
#BSUB -R "rusage[mem=2048]"
#BSUB -W 1:00
#BSUB -R "span[hosts=1]"
#BSUB -gpu "num=1:mode=exclusive_process"

EXECUTABLE="poisson_jdup"

# Tolerance is not actually used at these scripts, just there for the
# sake of the argument
# N_SIZES="50 100 200 400 800 1000"
# THREADS="1 2 4 8 10 12 16 20 24 30 36 40"
TOLERANCE="0.001"
ITER_MAX=100000
START_VALUE="0.0"
EXTRA_ARGS=4

N_DEFAULT=100
# Experiment with these values for jacobi gpu
# given this information
# Multiprocessors = 114
# Maximum number of threads per block = 1024 
# NUM_TEAMS="64 114 128 256 512"
# THREAD_LIMIT="64 128 256 512 1024 1500 2048"
N_SIZES="50 100 200 400 800"
# load module for shared cuda libraries
module load /appl9/nvhpc/2023_2311/modulefiles/nvhpc-nompi/23.11

# TODO: Fill this out
# Still waiting for the script to run for these values to get finalized
THREAD_IDEAL=512
TEAM_IDEAL=1024
MAKE_THREADS=12

cd ..
# Check for different N sizes
for N in $N_SIZES; do

(... more ...)
------------------------------------------------------------

Exited with exit code 1.

Resource usage summary:

    CPU time :                                   134.00 sec.
    Max Memory :                                 575 MB
    Average Memory :                             575.00 MB
    Total Requested Memory :                     65536.00 MB
    Delta Memory :                               64961.00 MB
    Max Swap :                                   -
    Max Processes :                              24
    Max Threads :                                36
    Run time :                                   67 sec.
    Turnaround time :                            27 sec.

The output (if any) is above this job summary.



PS:

Read file <output/omp_jdup_19952669.err> for stderr output of this job.

