
num_teams,thread_limit,iterations_per_sec
64,64,3523.33
64,128,6701.12
64,256,6698.15
64,512,6701.36
64,1024,6701.63
64,1500,6698.49
64,2048,6703.64
114,64,5744.83
114,128,10364.2
114,256,10347.7
114,512,10341.8
114,1024,10356.4
114,1500,10355.9
114,2048,10353.5
256,64,12366.5
256,128,20410.8
256,256,20510.3
256,512,20440.6
256,1024,20393.8
256,1500,20422.4
256,2048,20528.2
512,64,20758.4
512,128,31284
512,256,31156.7
512,512,31194.1
512,1024,31455.9
512,1500,31328.1
512,2048,31388.9
700,64,25700.2
700,128,35544.5
700,256,35498.4
700,512,35685.7
700,1024,35665.4
700,1500,35629.9
700,2048,35548.3
1024,64,31635.5
1024,128,37340.4
1024,256,37133.3
1024,512,37199.4
1024,1024,37416.4
1024,1500,37423.3
1024,2048,37456.1
2024,64,37089.5
2024,128,36789.4
2024,256,36789.4
2024,512,36739
2024,1024,36598.5
2024,1500,36623.4
2024,2048,36698
4096,64,36611.7
4096,128,35588.9
4096,256,35479.3
4096,512,35671
4096,1024,35625.8
4096,1500,35505.2
4096,2048,35547.4
8192,64,35610.8
8192,128,32784.4
8192,256,32857.3
8192,512,32862.8
8192,1024,32788.8
8192,1500,32901.1
8192,2048,32859.5
16384,64,31721.4
16384,128,26339.3
16384,256,26366.5
16384,512,26300
16384,1024,26371.5
16384,1500,26264.3
16384,2048,26302.9
32768,64,21176
32768,128,18651.8
32768,256,18621.3
32768,512,18644.7
32768,1024,18608.7
32768,1500,18671.7
32768,2048,18675
