OMP_NUM_THREADS=1
Log: Number of devices: 1
Log: Default device: 0
Log: Initial device: -1
Log: Allocating on host...
Log: Allocation finished...
Log: Initializing arrays on host...
Log: Initializing arrays on host finished...
Log: Jacobi Expand
Log: Iterations: 10000
Log: Execution time: 0.849835
Log: Iterations / sec: 11767
Log: N: 50
Log: Number of threads: 1
OMP_NUM_THREADS=2
Log: Number of devices: 1
Log: Default device: 0
Log: Initial device: -1
Log: Allocating on host...
Log: Allocation finished...
Log: Initializing arrays on host...
Log: Initializing arrays on host finished...
Log: Jacobi Expand
Log: Iterations: 10000
Log: Execution time: 0.585322
Log: Iterations / sec: 17084.6
Log: N: 50
Log: Number of threads: 2
OMP_NUM_THREADS=4
Log: Number of devices: 1
Log: Default device: 0
Log: Initial device: -1
Log: Allocating on host...
Log: Allocation finished...
Log: Initializing arrays on host...
Log: Initializing arrays on host finished...
Log: Jacobi Expand
Log: Iterations: 10000
Log: Execution time: 0.514417
Log: Iterations / sec: 19439.5
Log: N: 50
Log: Number of threads: 4
OMP_NUM_THREADS=8
Log: Number of devices: 1
Log: Default device: 0
Log: Initial device: -1
Log: Allocating on host...
Log: Allocation finished...
Log: Initializing arrays on host...
Log: Initializing arrays on host finished...
Log: Jacobi Expand
Log: Iterations: 10000
Log: Execution time: 0.43741
Log: Iterations / sec: 22861.9
Log: N: 50
Log: Number of threads: 8
OMP_NUM_THREADS=10
Log: Number of devices: 1
Log: Default device: 0
Log: Initial device: -1
Log: Allocating on host...
Log: Allocation finished...
Log: Initializing arrays on host...
Log: Initializing arrays on host finished...
Log: Jacobi Expand
Log: Iterations: 10000
Log: Execution time: 0.42153
Log: Iterations / sec: 23723.1
Log: N: 50
Log: Number of threads: 10
OMP_NUM_THREADS=12
Log: Number of devices: 1
Log: Default device: 0
Log: Initial device: -1
Log: Allocating on host...
Log: Allocation finished...
Log: Initializing arrays on host...
Log: Initializing arrays on host finished...
Log: Jacobi Expand
Log: Iterations: 10000
Log: Execution time: 0.405014
Log: Iterations / sec: 24690.5
Log: N: 50
Log: Number of threads: 12
OMP_NUM_THREADS=16
Log: Number of devices: 1
Log: Default device: 0
Log: Initial device: -1
Log: Allocating on host...
Log: Allocation finished...
Log: Initializing arrays on host...
Log: Initializing arrays on host finished...
Log: Jacobi Expand
Log: Iterations: 10000
Log: Execution time: 0.488815
Log: Iterations / sec: 20457.6
Log: N: 50
Log: Number of threads: 16
OMP_NUM_THREADS=20
Log: Number of devices: 1
Log: Default device: 0
Log: Initial device: -1
Log: Allocating on host...
Log: Allocation finished...
Log: Initializing arrays on host...
Log: Initializing arrays on host finished...
Log: Jacobi Expand
Log: Iterations: 10000
Log: Execution time: 0.472314
Log: Iterations / sec: 21172.4
Log: N: 50
Log: Number of threads: 20
OMP_NUM_THREADS=24
Log: Number of devices: 1
Log: Default device: 0
Log: Initial device: -1
Log: Allocating on host...
Log: Allocation finished...
Log: Initializing arrays on host...
Log: Initializing arrays on host finished...
Log: Jacobi Expand
Log: Iterations: 10000
Log: Execution time: 0.44062
Log: Iterations / sec: 22695.3
Log: N: 50
Log: Number of threads: 24
OMP_NUM_THREADS=30
Log: Number of devices: 1
Log: Default device: 0
Log: Initial device: -1
Log: Allocating on host...
Log: Allocation finished...
Log: Initializing arrays on host...
Log: Initializing arrays on host finished...
Log: Jacobi Expand
Log: Iterations: 10000
Log: Execution time: 0.507919
Log: Iterations / sec: 19688.2
Log: N: 50
Log: Number of threads: 30
OMP_NUM_THREADS=36
Log: Number of devices: 1
Log: Default device: 0
Log: Initial device: -1
Log: Allocating on host...
Log: Allocation finished...
Log: Initializing arrays on host...
Log: Initializing arrays on host finished...
Log: Jacobi Expand
Log: Iterations: 10000
Log: Execution time: 0.947901
Log: Iterations / sec: 10549.6
Log: N: 50
Log: Number of threads: 36
OMP_NUM_THREADS=40
Log: Number of devices: 1
Log: Default device: 0
Log: Initial device: -1
Log: Allocating on host...
Log: Allocation finished...
Log: Initializing arrays on host...
Log: Initializing arrays on host finished...
Log: Jacobi Expand
Log: Iterations: 10000
Log: Execution time: 1.09209
Log: Iterations / sec: 9156.73
Log: N: 50
Log: Number of threads: 40
OMP_NUM_THREADS=1
Log: Number of devices: 1
Log: Default device: 0
Log: Initial device: -1
Log: Allocating on host...
Log: Allocation finished...
Log: Initializing arrays on host...
Log: Initializing arrays on host finished...
Log: Jacobi Expand
Log: Iterations: 10000
Log: Execution time: 8.56549
Log: Iterations / sec: 1167.47
Log: N: 100
Log: Number of threads: 1
OMP_NUM_THREADS=2
Log: Number of devices: 1
Log: Default device: 0
Log: Initial device: -1
Log: Allocating on host...
Log: Allocation finished...
Log: Initializing arrays on host...
Log: Initializing arrays on host finished...
Log: Jacobi Expand
Log: Iterations: 10000
Log: Execution time: 4.45607
Log: Iterations / sec: 2244.13
Log: N: 100
Log: Number of threads: 2
OMP_NUM_THREADS=4
Log: Number of devices: 1
Log: Default device: 0
Log: Initial device: -1
Log: Allocating on host...
Log: Allocation finished...
Log: Initializing arrays on host...
Log: Initializing arrays on host finished...
Log: Jacobi Expand
Log: Iterations: 10000
Log: Execution time: 2.95761
Log: Iterations / sec: 3381.11
Log: N: 100
Log: Number of threads: 4
OMP_NUM_THREADS=8
Log: Number of devices: 1
Log: Default device: 0
Log: Initial device: -1
Log: Allocating on host...
Log: Allocation finished...
Log: Initializing arrays on host...
Log: Initializing arrays on host finished...
Log: Jacobi Expand
Log: Iterations: 10000
Log: Execution time: 2.03288
Log: Iterations / sec: 4919.12
Log: N: 100
Log: Number of threads: 8
OMP_NUM_THREADS=10
Log: Number of devices: 1
Log: Default device: 0
Log: Initial device: -1
Log: Allocating on host...
Log: Allocation finished...
Log: Initializing arrays on host...
Log: Initializing arrays on host finished...
Log: Jacobi Expand
Log: Iterations: 10000
Log: Execution time: 1.81412
Log: Iterations / sec: 5512.31
Log: N: 100
Log: Number of threads: 10
OMP_NUM_THREADS=12
Log: Number of devices: 1
Log: Default device: 0
Log: Initial device: -1
Log: Allocating on host...
Log: Allocation finished...
Log: Initializing arrays on host...
Log: Initializing arrays on host finished...
Log: Jacobi Expand
Log: Iterations: 10000
Log: Execution time: 1.69202
Log: Iterations / sec: 5910.1
Log: N: 100
Log: Number of threads: 12
OMP_NUM_THREADS=16
Log: Number of devices: 1
Log: Default device: 0
Log: Initial device: -1
Log: Allocating on host...
Log: Allocation finished...
Log: Initializing arrays on host...
Log: Initializing arrays on host finished...
Log: Jacobi Expand
Log: Iterations: 10000
Log: Execution time: 1.57933
Log: Iterations / sec: 6331.82
Log: N: 100
Log: Number of threads: 16
OMP_NUM_THREADS=20
Log: Number of devices: 1
Log: Default device: 0
Log: Initial device: -1
Log: Allocating on host...
Log: Allocation finished...
Log: Initializing arrays on host...
Log: Initializing arrays on host finished...
Log: Jacobi Expand
Log: Iterations: 10000
Log: Execution time: 1.51816
Log: Iterations / sec: 6586.93
Log: N: 100
Log: Number of threads: 20
OMP_NUM_THREADS=24
Log: Number of devices: 1
Log: Default device: 0
Log: Initial device: -1
Log: Allocating on host...
Log: Allocation finished...
Log: Initializing arrays on host...
Log: Initializing arrays on host finished...
Log: Jacobi Expand
Log: Iterations: 10000
Log: Execution time: 1.47901
Log: Iterations / sec: 6761.29
Log: N: 100
Log: Number of threads: 24
OMP_NUM_THREADS=30
Log: Number of devices: 1
Log: Default device: 0
Log: Initial device: -1
Log: Allocating on host...
Log: Allocation finished...
Log: Initializing arrays on host...
Log: Initializing arrays on host finished...
Log: Jacobi Expand
Log: Iterations: 10000
Log: Execution time: 1.43188
Log: Iterations / sec: 6983.83
Log: N: 100
Log: Number of threads: 30
OMP_NUM_THREADS=36
Log: Number of devices: 1
Log: Default device: 0
Log: Initial device: -1
Log: Allocating on host...
Log: Allocation finished...
Log: Initializing arrays on host...
Log: Initializing arrays on host finished...
Log: Jacobi Expand
Log: Iterations: 10000
Log: Execution time: 2.68704
Log: Iterations / sec: 3721.56
Log: N: 100
Log: Number of threads: 36
OMP_NUM_THREADS=40
Log: Number of devices: 1
Log: Default device: 0
Log: Initial device: -1
Log: Allocating on host...
Log: Allocation finished...
Log: Initializing arrays on host...
Log: Initializing arrays on host finished...
Log: Jacobi Expand
Log: Iterations: 10000
Log: Execution time: 2.78325
Log: Iterations / sec: 3592.92
Log: N: 100
Log: Number of threads: 40
OMP_NUM_THREADS=1
Log: Number of devices: 1
Log: Default device: 0
Log: Initial device: -1
Log: Allocating on host...
Log: Allocation finished...
Log: Initializing arrays on host...
Log: Initializing arrays on host finished...
Log: Jacobi Expand
Log: Iterations: 10000
Log: Execution time: 102.683
Log: Iterations / sec: 97.3874
Log: N: 200
Log: Number of threads: 1
OMP_NUM_THREADS=2
Log: Number of devices: 1
Log: Default device: 0
Log: Initial device: -1
Log: Allocating on host...
Log: Allocation finished...
Log: Initializing arrays on host...
Log: Initializing arrays on host finished...
Log: Jacobi Expand
Log: Iterations: 10000
Log: Execution time: 53.4331
Log: Iterations / sec: 187.15
Log: N: 200
Log: Number of threads: 2
OMP_NUM_THREADS=4
Log: Number of devices: 1
Log: Default device: 0
Log: Initial device: -1
Log: Allocating on host...
Log: Allocation finished...
Log: Initializing arrays on host...
Log: Initializing arrays on host finished...
Log: Jacobi Expand
Log: Iterations: 10000
Log: Execution time: 26.093
Log: Iterations / sec: 383.245
Log: N: 200
Log: Number of threads: 4
OMP_NUM_THREADS=8
Log: Number of devices: 1
Log: Default device: 0
Log: Initial device: -1
Log: Allocating on host...
Log: Allocation finished...
Log: Initializing arrays on host...
Log: Initializing arrays on host finished...
Log: Jacobi Expand
Log: Iterations: 10000
Log: Execution time: 15.0443
Log: Iterations / sec: 664.705
Log: N: 200
Log: Number of threads: 8
OMP_NUM_THREADS=10
Log: Number of devices: 1
Log: Default device: 0
Log: Initial device: -1
Log: Allocating on host...
Log: Allocation finished...
Log: Initializing arrays on host...
Log: Initializing arrays on host finished...
Log: Jacobi Expand
Log: Iterations: 10000
Log: Execution time: 12.2152
Log: Iterations / sec: 818.652
Log: N: 200
Log: Number of threads: 10
OMP_NUM_THREADS=12
Log: Number of devices: 1
Log: Default device: 0
Log: Initial device: -1
Log: Allocating on host...
Log: Allocation finished...
Log: Initializing arrays on host...
Log: Initializing arrays on host finished...
Log: Jacobi Expand
Log: Iterations: 10000
Log: Execution time: 10.2436
Log: Iterations / sec: 976.221
Log: N: 200
Log: Number of threads: 12
OMP_NUM_THREADS=16
Log: Number of devices: 1
Log: Default device: 0
Log: Initial device: -1
Log: Allocating on host...
Log: Allocation finished...
Log: Initializing arrays on host...
Log: Initializing arrays on host finished...
Log: Jacobi Expand
Log: Iterations: 10000
Log: Execution time: 8.33074
Log: Iterations / sec: 1200.37
Log: N: 200
Log: Number of threads: 16
OMP_NUM_THREADS=20
Log: Number of devices: 1
Log: Default device: 0
Log: Initial device: -1
Log: Allocating on host...
Log: Allocation finished...
Log: Initializing arrays on host...
Log: Initializing arrays on host finished...
Log: Jacobi Expand
Log: Iterations: 10000
Log: Execution time: 7.15687
Log: Iterations / sec: 1397.26
Log: N: 200
Log: Number of threads: 20
OMP_NUM_THREADS=24
Log: Number of devices: 1
Log: Default device: 0
Log: Initial device: -1
Log: Allocating on host...
Log: Allocation finished...
Log: Initializing arrays on host...
Log: Initializing arrays on host finished...
Log: Jacobi Expand
Log: Iterations: 10000
Log: Execution time: 6.63435
Log: Iterations / sec: 1507.31
Log: N: 200
Log: Number of threads: 24
OMP_NUM_THREADS=30
Log: Number of devices: 1
Log: Default device: 0
Log: Initial device: -1
Log: Allocating on host...
Log: Allocation finished...
Log: Initializing arrays on host...
Log: Initializing arrays on host finished...
Log: Jacobi Expand
Log: Iterations: 10000
Log: Execution time: 5.91217
Log: Iterations / sec: 1691.43
Log: N: 200
Log: Number of threads: 30
OMP_NUM_THREADS=36
Log: Number of devices: 1
Log: Default device: 0
Log: Initial device: -1
Log: Allocating on host...
Log: Allocation finished...
Log: Initializing arrays on host...
Log: Initializing arrays on host finished...
Log: Jacobi Expand
Log: Iterations: 10000
Log: Execution time: 11.0607
Log: Iterations / sec: 904.101
Log: N: 200
Log: Number of threads: 36
OMP_NUM_THREADS=40
Log: Number of devices: 1
Log: Default device: 0
Log: Initial device: -1
Log: Allocating on host...
Log: Allocation finished...
Log: Initializing arrays on host...
Log: Initializing arrays on host finished...
Log: Jacobi Expand
Log: Iterations: 10000
Log: Execution time: 11.4707
Log: Iterations / sec: 871.789
Log: N: 200
Log: Number of threads: 40
OMP_NUM_THREADS=1
Log: Number of devices: 1
Log: Default device: 0
Log: Initial device: -1
Log: Allocating on host...
Log: Allocation finished...
Log: Initializing arrays on host...
Log: Initializing arrays on host finished...
Log: Jacobi Expand
Log: Iterations: 10000
Log: Execution time: 749.455
Log: Iterations / sec: 13.343
Log: N: 400
Log: Number of threads: 1
OMP_NUM_THREADS=2
Log: Number of devices: 1
Log: Default device: 0
Log: Initial device: -1
Log: Allocating on host...
Log: Allocation finished...
Log: Initializing arrays on host...
Log: Initializing arrays on host finished...
Log: Jacobi Expand
Log: Iterations: 10000
Log: Execution time: 389.132
Log: Iterations / sec: 25.6982
Log: N: 400
Log: Number of threads: 2
OMP_NUM_THREADS=4
Log: Number of devices: 1
Log: Default device: 0
Log: Initial device: -1
Log: Allocating on host...
Log: Allocation finished...
Log: Initializing arrays on host...
Log: Initializing arrays on host finished...
Log: Jacobi Expand
Log: Iterations: 10000
Log: Execution time: 205.136
Log: Iterations / sec: 48.7482
Log: N: 400
Log: Number of threads: 4
OMP_NUM_THREADS=8
Log: Number of devices: 1
Log: Default device: 0
Log: Initial device: -1
Log: Allocating on host...
Log: Allocation finished...
Log: Initializing arrays on host...
Log: Initializing arrays on host finished...
Log: Jacobi Expand
Log: Iterations: 10000
Log: Execution time: 110.611
Log: Iterations / sec: 90.407
Log: N: 400
Log: Number of threads: 8
OMP_NUM_THREADS=10
Log: Number of devices: 1
Log: Default device: 0
Log: Initial device: -1
Log: Allocating on host...
Log: Allocation finished...
Log: Initializing arrays on host...
Log: Initializing arrays on host finished...
Log: Jacobi Expand
Log: Iterations: 10000
Log: Execution time: 104.213
Log: Iterations / sec: 95.9572
Log: N: 400
Log: Number of threads: 10
OMP_NUM_THREADS=12
Log: Number of devices: 1
Log: Default device: 0
Log: Initial device: -1
Log: Allocating on host...
Log: Allocation finished...
Log: Initializing arrays on host...
Log: Initializing arrays on host finished...
Log: Jacobi Expand
Log: Iterations: 10000
Log: Execution time: 91.0865
Log: Iterations / sec: 109.786
Log: N: 400
Log: Number of threads: 12
OMP_NUM_THREADS=16
Log: Number of devices: 1
Log: Default device: 0
Log: Initial device: -1
Log: Allocating on host...
Log: Allocation finished...
Log: Initializing arrays on host...
Log: Initializing arrays on host finished...
Log: Jacobi Expand
Log: Iterations: 10000
Log: Execution time: 76.4227
Log: Iterations / sec: 130.851
Log: N: 400
Log: Number of threads: 16
OMP_NUM_THREADS=20
Log: Number of devices: 1
Log: Default device: 0
Log: Initial device: -1
Log: Allocating on host...
Log: Allocation finished...
Log: Initializing arrays on host...
Log: Initializing arrays on host finished...
Log: Jacobi Expand
Log: Iterations: 10000
Log: Execution time: 80.953
Log: Iterations / sec: 123.529
Log: N: 400
Log: Number of threads: 20
OMP_NUM_THREADS=24
Log: Number of devices: 1
Log: Default device: 0
Log: Initial device: -1
Log: Allocating on host...
Log: Allocation finished...
Log: Initializing arrays on host...
Log: Initializing arrays on host finished...
Log: Jacobi Expand
Log: Iterations: 10000
Log: Execution time: 73.3837
Log: Iterations / sec: 136.27
Log: N: 400
Log: Number of threads: 24
OMP_NUM_THREADS=30
Log: Number of devices: 1
Log: Default device: 0
Log: Initial device: -1
Log: Allocating on host...
Log: Allocation finished...
Log: Initializing arrays on host...
Log: Initializing arrays on host finished...
Log: Jacobi Expand
Log: Iterations: 10000
Log: Execution time: 79.601
Log: Iterations / sec: 125.627
Log: N: 400
Log: Number of threads: 30
OMP_NUM_THREADS=36
Log: Number of devices: 1
Log: Default device: 0
Log: Initial device: -1
Log: Allocating on host...
Log: Allocation finished...
Log: Initializing arrays on host...
Log: Initializing arrays on host finished...
Log: Jacobi Expand
Log: Iterations: 10000
Log: Execution time: 117.964
Log: Iterations / sec: 84.7719
Log: N: 400
Log: Number of threads: 36
OMP_NUM_THREADS=40
Log: Number of devices: 1
Log: Default device: 0
Log: Initial device: -1
Log: Allocating on host...
Log: Allocation finished...
Log: Initializing arrays on host...
Log: Initializing arrays on host finished...
Log: Jacobi Expand
Log: Iterations: 10000
Log: Execution time: 111.994
Log: Iterations / sec: 89.2906
Log: N: 400
Log: Number of threads: 40
OMP_NUM_THREADS=1
Log: Number of devices: 1
Log: Default device: 0
Log: Initial device: -1
Log: Allocating on host...
Log: Allocation finished...
Log: Initializing arrays on host...
Log: Initializing arrays on host finished...

------------------------------------------------------------
Sender: LSF System <lsfadmin@hpc.dtu.dk>
Subject: Job 19939087: <omp_jexpand> in cluster <dcc> Exited

Job <omp_jexpand> was submitted from host <n-62-11-46> by user <s233091> in cluster <dcc> at Sat Jan 20 18:39:37 2024
Job was executed on host(s) <32*n-62-12-88>, in queue <hpcintrogpu>, as user <s233091> in cluster <dcc> at Sat Jan 20 18:39:37 2024
</zhome/c7/f/203083> was used as the home directory.
</zhome/c7/f/203083/02614/HPC_assignment_3/src/part2/bsub> was used as the working directory.
Started at Sat Jan 20 18:39:37 2024
Terminated at Sat Jan 20 19:40:19 2024
Results reported at Sat Jan 20 19:40:19 2024

Your job looked like:

------------------------------------------------------------
# LSBATCH: User input
#!/bin/bash
# 02614 - High-Performance Computing, January 2024
# 
# batch script to run matmult on a dedicated GPU server in the hpcintrogpu
# queue
#
# Author: Bernd Dammann <bd@cc.dtu.dk>
#         Hans Henrik Brandenborg Sørensen <hhbs@dtu.dk>
#
#BSUB -J omp_jexpand
#BSUB -o output/omp_jexpand_%J.out
#BSUB -e output/omp_jexpand_%J.err
#BSUB -q hpcintrogpu
#BSUB -n 32
#BSUB -R "rusage[mem=2048]"
#BSUB -W 1:00
#BSUB -R "span[hosts=1]"
#BSUB -gpu "num=1:mode=exclusive_process"

# EXECUTABLE="poisson_jexpand"
# just pass executable poisson_jomp
# or pass poisson_expand (same script to compare both)
# echo -e "Executable name: ${EXECUTABLE}"
EXECUTABLE="poisson_jexpand"

# Tolerance is not actually used at these scripts, just there for the
# sake of the argument
N_SIZES="50 100 200 400 800 1000"
THREADS="1 2 4 8 10 12 16 20 24 30 36 40"
TOLERANCE="0.001"
ITER_MAX=10000
START_VALUE="0.0"
EXTRA_ARGS=4

# load module for shared cuda libraries
module load /appl9/nvhpc/2023_2311/modulefiles/nvhpc-nompi/23.11

for N in $N_SIZES; do
    for THREAD in $THREADS; do
        export OMP_NUM_THREADS=${THREAD:-1}
    echo "OMP_NUM_THREADS=$OMP_NUM_THREADS"
    ../$EXECUTABLE $N $ITER_MAX $TOLERANCE $START_VALUE $EXTRA_ARGS
    done
done

------------------------------------------------------------

TERM_RUNLIMIT: job killed after reaching LSF run time limit.
Exited with exit code 140.

Resource usage summary:

    CPU time :                                   24867.00 sec.
    Max Memory :                                 78 MB
    Average Memory :                             51.89 MB
    Total Requested Memory :                     65536.00 MB
    Delta Memory :                               65458.00 MB
    Max Swap :                                   -
    Max Processes :                              4
    Max Threads :                                48
    Run time :                                   3643 sec.
    Turnaround time :                            3642 sec.

The output (if any) is above this job summary.



PS:

Read file <output/omp_jexpand_19939087.err> for stderr output of this job.

