NUM_TEAMS: 114
THREAD_LIMIT: 1024
/bin/rm -f *.o poisson_j poisson_ja poisson_jomp poisson_jdist  poisson_jexpand poisson_jdup
Log: Warmup...
Log: Finished warmup...
Log: Number of devices: 1
Log: Default device: 0
Log: Initial device: -1
Log: Allocating on host...
Log: Allocation finished...
Log: Initializing arrays on host...
Log: Initializing arrays on host finished...
Log: Jacobi GPU norm
Log: Execution time: 0.105413
Log: Number of iterations: 3987
Log: Number of threads: 1
Log: N: 50
NUM_TEAMS: 114
THREAD_LIMIT: 1024
/bin/rm -f *.o poisson_j poisson_ja poisson_jomp poisson_jdist  poisson_jexpand poisson_jdup
Log: Warmup...
Log: Finished warmup...
Log: Number of devices: 1
Log: Default device: 0
Log: Initial device: -1
Log: Allocating on host...
Log: Allocation finished...
Log: Initializing arrays on host...
Log: Initializing arrays on host finished...
Log: Jacobi GPU norm
Log: Execution time: 0.714245
Log: Number of iterations: 17330
Log: Number of threads: 1
Log: N: 100
NUM_TEAMS: 114
THREAD_LIMIT: 1024
/bin/rm -f *.o poisson_j poisson_ja poisson_jomp poisson_jdist  poisson_jexpand poisson_jdup
Log: Warmup...
Log: Finished warmup...
Log: Number of devices: 1
Log: Default device: 0
Log: Initial device: -1
Log: Allocating on host...
Log: Allocation finished...
Log: Initializing arrays on host...
Log: Initializing arrays on host finished...
Log: Jacobi GPU norm
Log: Execution time: 11.881
Log: Number of iterations: 67233
Log: Number of threads: 1
Log: N: 200
NUM_TEAMS: 114
THREAD_LIMIT: 1024
/bin/rm -f *.o poisson_j poisson_ja poisson_jomp poisson_jdist  poisson_jexpand poisson_jdup
Log: Warmup...
Log: Finished warmup...
Log: Number of devices: 1
Log: Default device: 0
Log: Initial device: -1
Log: Allocating on host...
Log: Allocation finished...
Log: Initializing arrays on host...
Log: Initializing arrays on host finished...
Log: Jacobi GPU norm
Log: Execution time: 122.126
Log: Number of iterations: 100000
Log: Number of threads: 1
Log: N: 400
NUM_TEAMS: 114
THREAD_LIMIT: 1024
/bin/rm -f *.o poisson_j poisson_ja poisson_jomp poisson_jdist  poisson_jexpand poisson_jdup
Log: Warmup...
Log: Finished warmup...
Log: Number of devices: 1
Log: Default device: 0
Log: Initial device: -1
Log: Allocating on host...
Log: Allocation finished...
Log: Initializing arrays on host...
Log: Initializing arrays on host finished...
Log: Jacobi GPU norm
Log: Execution time: 1174.85
Log: Number of iterations: 100000
Log: Number of threads: 1
Log: N: 800
NUM_TEAMS: 114
THREAD_LIMIT: 1024
/bin/rm -f *.o poisson_j poisson_ja poisson_jomp poisson_jdist  poisson_jexpand poisson_jdup
Log: Warmup...
Log: Finished warmup...
Log: Number of devices: 1
Log: Default device: 0
Log: Initial device: -1
Log: Allocating on host...
Log: Allocation finished...
Log: Initializing arrays on host...
Log: Initializing arrays on host finished...
