N,threads,iterations_per_sec
25,1,60775.5
25,2,68230
25,4,60723.8
25,8,57285.5
25,10,57448.7
25,16,57346.3
25,20,57984.5
25,30,64020.9
25,36,27067
25,40,22640.7
50,1,11572.6
50,2,16901
50,4,19516.3
50,8,21040.5
50,10,22054.4
50,16,22873
50,20,22851.7
50,30,22749.6
50,36,12514.1
50,40,11645.7
100,1,1130.56
100,2,2263.4
100,4,3378.58
100,8,5014.83
100,10,5513.11
100,16,6463.54
100,20,6676.05
100,30,6692.55
100,36,3515.64
100,40,3385.49
200,1,98.6281
200,2,189.398
200,4,383.234
200,8,822.517
200,10,813.236
200,16,1239.72
200,20,1354.59
200,30,1652.3
200,36,891.709
200,40,894.103
400,1,13.4071
400,2,25.8671
400,4,49.447
400,8,91.1179
400,10,96.506
400,16,130.139
400,20,124.863
400,30,125.614
400,36,84.7312
400,40,90.2796
