NUM_TEAMS: 114
THREAD_LIMIT: 1024
/bin/rm -f *.o poisson_j poisson_ja poisson_jomp poisson_jdist  poisson_jexpand poisson_jdup
OMP_NUM_THREADS=1
Log: Number of devices: 1
Log: Default device: 0
Log: Initial device: -1
Log: Allocating on host...
Log: Allocation finished...
Log: Initializing arrays on host...
Log: Initializing arrays on host finished...
Log: Jacobi Expand
Log: Iterations: 500000
Log: Execution time: 43.4613
Log: Iterations / sec: 11504.5
Log: N: 50
Log: Number of threads: 1
OMP_NUM_THREADS=2
Log: Number of devices: 1
Log: Default device: 0
Log: Initial device: -1
Log: Allocating on host...
Log: Allocation finished...
Log: Initializing arrays on host...
Log: Initializing arrays on host finished...
Log: Jacobi Expand
Log: Iterations: 500000
Log: Execution time: 29.8293
Log: Iterations / sec: 16762.1
Log: N: 50
Log: Number of threads: 2
OMP_NUM_THREADS=4
Log: Number of devices: 1
Log: Default device: 0
Log: Initial device: -1
Log: Allocating on host...
Log: Allocation finished...
Log: Initializing arrays on host...
Log: Initializing arrays on host finished...
Log: Jacobi Expand
Log: Iterations: 500000
Log: Execution time: 26.5499
Log: Iterations / sec: 18832.4
Log: N: 50
Log: Number of threads: 4
OMP_NUM_THREADS=8
Log: Number of devices: 1
Log: Default device: 0
Log: Initial device: -1
Log: Allocating on host...
Log: Allocation finished...
Log: Initializing arrays on host...
Log: Initializing arrays on host finished...
Log: Jacobi Expand
Log: Iterations: 500000
Log: Execution time: 22.2659
Log: Iterations / sec: 22455.9
Log: N: 50
Log: Number of threads: 8
OMP_NUM_THREADS=10
Log: Number of devices: 1
Log: Default device: 0
Log: Initial device: -1
Log: Allocating on host...
Log: Allocation finished...
Log: Initializing arrays on host...
Log: Initializing arrays on host finished...
Log: Jacobi Expand
Log: Iterations: 500000
Log: Execution time: 22.434
Log: Iterations / sec: 22287.6
Log: N: 50
Log: Number of threads: 10
OMP_NUM_THREADS=16
Log: Number of devices: 1
Log: Default device: 0
Log: Initial device: -1
Log: Allocating on host...
Log: Allocation finished...
Log: Initializing arrays on host...
Log: Initializing arrays on host finished...
Log: Jacobi Expand
Log: Iterations: 500000
Log: Execution time: 21.8795
Log: Iterations / sec: 22852.4
Log: N: 50
Log: Number of threads: 16
OMP_NUM_THREADS=20
Log: Number of devices: 1
Log: Default device: 0
Log: Initial device: -1
Log: Allocating on host...
Log: Allocation finished...
Log: Initializing arrays on host...
Log: Initializing arrays on host finished...
Log: Jacobi Expand
Log: Iterations: 500000
Log: Execution time: 21.6158
Log: Iterations / sec: 23131.2
Log: N: 50
Log: Number of threads: 20
OMP_NUM_THREADS=30
Log: Number of devices: 1
Log: Default device: 0
Log: Initial device: -1
Log: Allocating on host...
Log: Allocation finished...
Log: Initializing arrays on host...
Log: Initializing arrays on host finished...
Log: Jacobi Expand
Log: Iterations: 500000
Log: Execution time: 20.3592
Log: Iterations / sec: 24558.9
Log: N: 50
Log: Number of threads: 30
OMP_NUM_THREADS=36
Log: Number of devices: 1
Log: Default device: 0
Log: Initial device: -1
Log: Allocating on host...
Log: Allocation finished...
Log: Initializing arrays on host...
Log: Initializing arrays on host finished...
Log: Jacobi Expand
Log: Iterations: 500000
Log: Execution time: 38.1566
Log: Iterations / sec: 13103.9
Log: N: 50
Log: Number of threads: 36
OMP_NUM_THREADS=40
Log: Number of devices: 1
Log: Default device: 0
Log: Initial device: -1
Log: Allocating on host...
Log: Allocation finished...
Log: Initializing arrays on host...
Log: Initializing arrays on host finished...
Log: Jacobi Expand
Log: Iterations: 500000
Log: Execution time: 39.6323
Log: Iterations / sec: 12616
Log: N: 50
Log: Number of threads: 40
OMP_NUM_THREADS=1
Log: Number of devices: 1
Log: Default device: 0
Log: Initial device: -1
Log: Allocating on host...
Log: Allocation finished...
Log: Initializing arrays on host...
Log: Initializing arrays on host finished...
Log: Jacobi Expand
Log: Iterations: 500000
Log: Execution time: 438.219
Log: Iterations / sec: 1140.98
Log: N: 100
Log: Number of threads: 1
OMP_NUM_THREADS=2
Log: Number of devices: 1
Log: Default device: 0
Log: Initial device: -1
Log: Allocating on host...
Log: Allocation finished...
Log: Initializing arrays on host...
Log: Initializing arrays on host finished...
Log: Jacobi Expand
Log: Iterations: 500000
Log: Execution time: 220.664
Log: Iterations / sec: 2265.89
Log: N: 100
Log: Number of threads: 2
OMP_NUM_THREADS=4
Log: Number of devices: 1
Log: Default device: 0
Log: Initial device: -1
Log: Allocating on host...
Log: Allocation finished...
Log: Initializing arrays on host...
Log: Initializing arrays on host finished...
