Loaded module: gcc/13.2.0-binutils-2.41
OMP_NUM_THREADS=1
Log: Number of devices: 1
Log: Default device: 0
Log: Initial device: -1
Log: Allocating on host...
Log: Allocation finished...
Log: Initializing arrays on host...
Log: Initializing arrays on host finished...
Log: Jacobi Expand
Log: Execution time: 0.875804
Log: Number of threads: 1
Log: N: 50
OMP_NUM_THREADS=2
Log: Number of devices: 1
Log: Default device: 0
Log: Initial device: -1
Log: Allocating on host...
Log: Allocation finished...
Log: Initializing arrays on host...
Log: Initializing arrays on host finished...
Log: Jacobi Expand
Log: Execution time: 0.599486
Log: Number of threads: 2
Log: N: 50
OMP_NUM_THREADS=4
Log: Number of devices: 1
Log: Default device: 0
Log: Initial device: -1
Log: Allocating on host...
Log: Allocation finished...
Log: Initializing arrays on host...
Log: Initializing arrays on host finished...
Log: Jacobi Expand
Log: Execution time: 0.523545
Log: Number of threads: 4
Log: N: 50
OMP_NUM_THREADS=8
Log: Number of devices: 1
Log: Default device: 0
Log: Initial device: -1
Log: Allocating on host...
Log: Allocation finished...
Log: Initializing arrays on host...
Log: Initializing arrays on host finished...
Log: Jacobi Expand
Log: Execution time: 0.483216
Log: Number of threads: 8
Log: N: 50
OMP_NUM_THREADS=10
Log: Number of devices: 1
Log: Default device: 0
Log: Initial device: -1
Log: Allocating on host...
Log: Allocation finished...
Log: Initializing arrays on host...
Log: Initializing arrays on host finished...
Log: Jacobi Expand
Log: Execution time: 0.47685
Log: Number of threads: 10
Log: N: 50
OMP_NUM_THREADS=12
Log: Number of devices: 1
Log: Default device: 0
Log: Initial device: -1
Log: Allocating on host...
Log: Allocation finished...
Log: Initializing arrays on host...
Log: Initializing arrays on host finished...
Log: Jacobi Expand
Log: Execution time: 0.436124
Log: Number of threads: 12
Log: N: 50
OMP_NUM_THREADS=16
Log: Number of devices: 1
Log: Default device: 0
Log: Initial device: -1
Log: Allocating on host...
Log: Allocation finished...
Log: Initializing arrays on host...
Log: Initializing arrays on host finished...
Log: Jacobi Expand
Log: Execution time: 0.44532
Log: Number of threads: 16
Log: N: 50
OMP_NUM_THREADS=20
Log: Number of devices: 1
Log: Default device: 0
Log: Initial device: -1
Log: Allocating on host...
Log: Allocation finished...
Log: Initializing arrays on host...
Log: Initializing arrays on host finished...
Log: Jacobi Expand
Log: Execution time: 0.461035
Log: Number of threads: 20
Log: N: 50
OMP_NUM_THREADS=24
Log: Number of devices: 1
Log: Default device: 0
Log: Initial device: -1
Log: Allocating on host...
Log: Allocation finished...
Log: Initializing arrays on host...
Log: Initializing arrays on host finished...
Log: Jacobi Expand
Log: Execution time: 0.432467
Log: Number of threads: 24
Log: N: 50
OMP_NUM_THREADS=30
Log: Number of devices: 1
Log: Default device: 0
Log: Initial device: -1
Log: Allocating on host...
Log: Allocation finished...
Log: Initializing arrays on host...
Log: Initializing arrays on host finished...
Log: Jacobi Expand
Log: Execution time: 0.461911
Log: Number of threads: 30
Log: N: 50
OMP_NUM_THREADS=36
Log: Number of devices: 1
Log: Default device: 0
Log: Initial device: -1
Log: Allocating on host...
Log: Allocation finished...
Log: Initializing arrays on host...
Log: Initializing arrays on host finished...
Log: Jacobi Expand
Log: Execution time: 0.822783
Log: Number of threads: 36
Log: N: 50
OMP_NUM_THREADS=40
Log: Number of devices: 1
Log: Default device: 0
Log: Initial device: -1
Log: Allocating on host...
Log: Allocation finished...
Log: Initializing arrays on host...
Log: Initializing arrays on host finished...
Log: Jacobi Expand
Log: Execution time: 0.873512
Log: Number of threads: 40
Log: N: 50
OMP_NUM_THREADS=1
Log: Number of devices: 1
Log: Default device: 0
Log: Initial device: -1
Log: Allocating on host...
Log: Allocation finished...
Log: Initializing arrays on host...
Log: Initializing arrays on host finished...
Log: Jacobi Expand
Log: Execution time: 8.66182
Log: Number of threads: 1
Log: N: 100
OMP_NUM_THREADS=2
Log: Number of devices: 1
Log: Default device: 0
Log: Initial device: -1
Log: Allocating on host...
Log: Allocation finished...
Log: Initializing arrays on host...
Log: Initializing arrays on host finished...
Log: Jacobi Expand
Log: Execution time: 4.43532
Log: Number of threads: 2
Log: N: 100
OMP_NUM_THREADS=4
Log: Number of devices: 1
Log: Default device: 0
Log: Initial device: -1
Log: Allocating on host...
Log: Allocation finished...
Log: Initializing arrays on host...
Log: Initializing arrays on host finished...
Log: Jacobi Expand
Log: Execution time: 2.93558
Log: Number of threads: 4
Log: N: 100
OMP_NUM_THREADS=8
Log: Number of devices: 1
Log: Default device: 0
Log: Initial device: -1
Log: Allocating on host...
Log: Allocation finished...
Log: Initializing arrays on host...
Log: Initializing arrays on host finished...
Log: Jacobi Expand
Log: Execution time: 1.98411
Log: Number of threads: 8
Log: N: 100
OMP_NUM_THREADS=10
Log: Number of devices: 1
Log: Default device: 0
Log: Initial device: -1
Log: Allocating on host...
Log: Allocation finished...
Log: Initializing arrays on host...
Log: Initializing arrays on host finished...
Log: Jacobi Expand
Log: Execution time: 1.80929
Log: Number of threads: 10
Log: N: 100
OMP_NUM_THREADS=12
Log: Number of devices: 1
Log: Default device: 0
Log: Initial device: -1
Log: Allocating on host...
Log: Allocation finished...
Log: Initializing arrays on host...
Log: Initializing arrays on host finished...
Log: Jacobi Expand
Log: Execution time: 1.71834
Log: Number of threads: 12
Log: N: 100
OMP_NUM_THREADS=16
Log: Number of devices: 1
Log: Default device: 0
Log: Initial device: -1
Log: Allocating on host...
Log: Allocation finished...
Log: Initializing arrays on host...
Log: Initializing arrays on host finished...
Log: Jacobi Expand
Log: Execution time: 1.54754
Log: Number of threads: 16
Log: N: 100
OMP_NUM_THREADS=20
Log: Number of devices: 1
Log: Default device: 0
Log: Initial device: -1
Log: Allocating on host...
Log: Allocation finished...
Log: Initializing arrays on host...
Log: Initializing arrays on host finished...
Log: Jacobi Expand
Log: Execution time: 1.47198
Log: Number of threads: 20
Log: N: 100
OMP_NUM_THREADS=24
Log: Number of devices: 1
Log: Default device: 0
Log: Initial device: -1
Log: Allocating on host...
Log: Allocation finished...
Log: Initializing arrays on host...
Log: Initializing arrays on host finished...
Log: Jacobi Expand
Log: Execution time: 1.43288
Log: Number of threads: 24
Log: N: 100
OMP_NUM_THREADS=30
Log: Number of devices: 1
Log: Default device: 0
Log: Initial device: -1
Log: Allocating on host...
Log: Allocation finished...
Log: Initializing arrays on host...
Log: Initializing arrays on host finished...
Log: Jacobi Expand
Log: Execution time: 1.4543
Log: Number of threads: 30
Log: N: 100
OMP_NUM_THREADS=36
Log: Number of devices: 1
Log: Default device: 0
Log: Initial device: -1
Log: Allocating on host...
Log: Allocation finished...
Log: Initializing arrays on host...
Log: Initializing arrays on host finished...
Log: Jacobi Expand
Log: Execution time: 2.62617
Log: Number of threads: 36
Log: N: 100
OMP_NUM_THREADS=40
Log: Number of devices: 1
Log: Default device: 0
Log: Initial device: -1
Log: Allocating on host...
Log: Allocation finished...
Log: Initializing arrays on host...
Log: Initializing arrays on host finished...
Log: Jacobi Expand
Log: Execution time: 2.97408
Log: Number of threads: 40
Log: N: 100
OMP_NUM_THREADS=1
Log: Number of devices: 1
Log: Default device: 0
Log: Initial device: -1
Log: Allocating on host...
Log: Allocation finished...
Log: Initializing arrays on host...
Log: Initializing arrays on host finished...
Log: Jacobi Expand
Log: Execution time: 101.957
Log: Number of threads: 1
Log: N: 200
OMP_NUM_THREADS=2
Log: Number of devices: 1
Log: Default device: 0
Log: Initial device: -1
Log: Allocating on host...
Log: Allocation finished...
Log: Initializing arrays on host...
Log: Initializing arrays on host finished...
