num_teams,thread_limit,iterations_per_sec
64,64,3500.15
64,128,6612.65
64,256,6623.54
64,512,6604.49
64,1024,6629.6
64,1500,6630.79
64,2048,6648.05
114,64,5923.05
114,128,10526.5
114,256,10686.2
114,512,10650.7
114,1024,10647.2
114,1500,10532.3
114,2048,10564.6
128,64,6589.88
128,128,11545.7
128,256,11568.5
128,512,11582.3
128,1024,11455.6
128,1500,11582.3
128,2048,11634
256,64,12096.3
256,128,19792.8
256,256,19725.2
256,512,19741.7
256,1024,19676.9
256,1500,19848.5
256,2048,19659.9
512,64,19831.4
512,128,28315.8
512,256,29420.7
512,512,29676.9
512,1024,29515.7
512,1500,29599.4
512,2048,29668.8
1024,64,30141.8
1024,128,33816.2
1024,256,34093
1024,512,35223.5
1024,1024,34110.5
1024,1500,35087
1024,2048,34808.8
