Loaded module: gcc/10.3.0-binutils-2.36.1
ERROR: No such file or directory on '/appl9/nvhpc/2023_2311/modulefiles/nvhpc-nompi/23.11'
ERROR: No such file or directory on '/appl9/nvhpc/2023_2311/modulefiles/nvhpc-nompi/23.11'
NUM_TEAMS: 114
THREAD_LIMIT: 1024
/bin/rm -f *.o poisson_j poisson_ja poisson_jomp poisson_jdist  poisson_jexpand poisson_jdup
./omp_jalloc.sub: line 53: ./poisson_ja: No such file or directory
NUM_TEAMS: 114
THREAD_LIMIT: 1024
/bin/rm -f *.o poisson_j poisson_ja poisson_jomp poisson_jdist  poisson_jexpand poisson_jdup
./omp_jalloc.sub: line 53: ./poisson_ja: No such file or directory
NUM_TEAMS: 114
THREAD_LIMIT: 1024
/bin/rm -f *.o poisson_j poisson_ja poisson_jomp poisson_jdist  poisson_jexpand poisson_jdup
./omp_jalloc.sub: line 53: ./poisson_ja: No such file or directory
NUM_TEAMS: 114
THREAD_LIMIT: 1024
/bin/rm -f *.o poisson_j poisson_ja poisson_jomp poisson_jdist  poisson_jexpand poisson_jdup
./omp_jalloc.sub: line 53: ./poisson_ja: No such file or directory

------------------------------------------------------------
Sender: LSF System <lsfadmin@hpc.dtu.dk>
Subject: Job 19952672: <NONAME> in cluster <dcc> Exited

Job <NONAME> was submitted from host <n-62-11-46> by user <s233091> in cluster <dcc> at Sun Jan 21 23:38:27 2024
Job was executed on host(s) <n-62-31-21>, in queue <hpc>, as user <s233091> in cluster <dcc> at Sun Jan 21 23:38:29 2024
</zhome/c7/f/203083> was used as the home directory.
</zhome/c7/f/203083/02614/HPC_assignment_3/src/part2/bsub> was used as the working directory.
Started at Sun Jan 21 23:38:29 2024
Terminated at Sun Jan 21 23:38:31 2024
Results reported at Sun Jan 21 23:38:31 2024

Your job looked like:

------------------------------------------------------------
# LSBATCH: User input
./omp_jalloc.sub
------------------------------------------------------------

Exited with exit code 127.

Resource usage summary:

    CPU time :                                   0.36 sec.
    Max Memory :                                 -
    Average Memory :                             -
    Total Requested Memory :                     1024.00 MB
    Delta Memory :                               -
    Max Swap :                                   -
    Max Processes :                              -
    Max Threads :                                -
    Run time :                                   74 sec.
    Turnaround time :                            4 sec.

The output (if any) is above this job summary.

